2026-04-01 07:24:35 - WARN - com.zaxxer.hikari.pool.HikariPool - HikariPool-1 - Thread starvation or clock leap detected (housekeeper delta=9h44m54s668ms838µs200ns).
2026-04-01 08:14:46 - WARN - com.zaxxer.hikari.pool.HikariPool - HikariPool-1 - Thread starvation or clock leap detected (housekeeper delta=9m9s718ms975µs400ns).
2026-04-01 09:00:56 - ERROR - com.example.demo.config.JwtRequestFilter - Failed to extract username from JWT: JWT expired 20664034 milliseconds ago at 2026-03-31T21:46:32.000Z. Current time: 2026-04-01T03:30:56.034Z. Allowed clock skew: 0 milliseconds.
2026-04-01 09:00:56 - ERROR - com.example.demo.config.JwtRequestFilter - Failed to extract username from JWT: JWT expired 20664275 milliseconds ago at 2026-03-31T21:46:32.000Z. Current time: 2026-04-01T03:30:56.275Z. Allowed clock skew: 0 milliseconds.
2026-04-01 09:01:49 - INFO - com.example.demo.AmazecarenewApplication - Starting AmazecarenewApplication using Java 17.0.10 with PID 20148 (C:\Users\Bhoomika Devarajan\OneDrive\Desktop\HEXA FINAL PROJ\Amazecarenewvscode\target\classes started by Bhoomika Devarajan in C:\Users\Bhoomika Devarajan\OneDrive\Desktop\HEXA FINAL PROJ)
2026-04-01 09:01:49 - INFO - com.example.demo.AmazecarenewApplication - No active profile set, falling back to 1 default profile: "default"
2026-04-01 09:01:51 - INFO - org.springframework.data.repository.config.RepositoryConfigurationDelegate - Bootstrapping Spring Data JPA repositories in DEFAULT mode.
2026-04-01 09:01:52 - INFO - org.springframework.data.repository.config.RepositoryConfigurationDelegate - Finished Spring Data repository scanning in 161 ms. Found 8 JPA repository interfaces.
2026-04-01 09:01:53 - INFO - org.springframework.boot.tomcat.TomcatWebServer - Tomcat initialized with port 8081 (http)
2026-04-01 09:01:53 - INFO - org.apache.catalina.core.StandardService - Starting service [Tomcat]
2026-04-01 09:01:53 - INFO - org.apache.catalina.core.StandardEngine - Starting Servlet engine: [Apache Tomcat/11.0.18]
2026-04-01 09:01:53 - INFO - org.springframework.boot.web.context.servlet.WebApplicationContextInitializer - Root WebApplicationContext: initialization completed in 3955 ms
2026-04-01 09:01:54 - INFO - org.hibernate.orm.jpa - HHH008540: Processing PersistenceUnitInfo [name: default]
2026-04-01 09:01:54 - INFO - org.hibernate.orm.core - HHH000001: Hibernate ORM core version 7.2.4.Final
2026-04-01 09:01:55 - INFO - org.springframework.orm.jpa.persistenceunit.SpringPersistenceUnitInfo - No LoadTimeWeaver setup: ignoring JPA class transformer
2026-04-01 09:01:55 - INFO - com.zaxxer.hikari.HikariDataSource - HikariPool-1 - Starting...
2026-04-01 09:01:56 - INFO - com.zaxxer.hikari.pool.HikariPool - HikariPool-1 - Added connection com.mysql.cj.jdbc.ConnectionImpl@231d3ce
2026-04-01 09:01:56 - INFO - com.zaxxer.hikari.HikariDataSource - HikariPool-1 - Start completed.
2026-04-01 09:01:56 - INFO - org.hibernate.orm.connections.pooling - HHH10001005: Database info:
	Database JDBC URL [jdbc:mysql://localhost:3306/amazecarenew]
	Database driver: MySQL Connector/J
	Database dialect: MySQLDialect
	Database version: 8.0.36
	Default catalog/schema: amazecarenew/undefined
	Autocommit mode: undefined/unknown
	Isolation level: REPEATABLE_READ [default REPEATABLE_READ]
	JDBC fetch size: none
	Pool: DataSourceConnectionProvider
	Minimum pool size: undefined/unknown
	Maximum pool size: undefined/unknown
2026-04-01 09:01:59 - INFO - org.hibernate.orm.core - HHH000489: No JTA platform available (set 'hibernate.transaction.jta.platform' to enable JTA platform integration)
2026-04-01 09:01:59 - INFO - org.springframework.orm.jpa.LocalContainerEntityManagerFactoryBean - Initialized JPA EntityManagerFactory for persistence unit 'default'
2026-04-01 09:01:59 - INFO - org.springframework.data.jpa.repository.query.QueryEnhancerFactories - Hibernate is in classpath; If applicable, HQL parser will be used.
2026-04-01 09:02:00 - WARN - org.springframework.boot.jpa.autoconfigure.JpaBaseConfiguration$JpaWebConfiguration - spring.jpa.open-in-view is enabled by default. Therefore, database queries may be performed during view rendering. Explicitly configure spring.jpa.open-in-view to disable this warning
2026-04-01 09:02:00 - INFO - org.springframework.security.config.annotation.authentication.configuration.InitializeAuthenticationProviderBeanManagerConfigurer$InitializeAuthenticationProviderManagerConfigurer - Global AuthenticationManager configured with AuthenticationProvider bean with name authenticationProvider
2026-04-01 09:02:00 - WARN - org.springframework.security.config.annotation.authentication.configuration.InitializeUserDetailsBeanManagerConfigurer$InitializeUserDetailsManagerConfigurer - Global AuthenticationManager configured with an AuthenticationProvider bean. UserDetailsService beans will not be used by Spring Security for automatically configuring username/password login. Consider removing the AuthenticationProvider bean. Alternatively, consider using the UserDetailsService in a manually instantiated DaoAuthenticationProvider. If the current configuration is intentional, to turn off this warning, increase the logging level of 'org.springframework.security.config.annotation.authentication.configuration.InitializeUserDetailsBeanManagerConfigurer' to ERROR
2026-04-01 09:02:03 - INFO - org.springframework.boot.tomcat.TomcatWebServer - Tomcat started on port 8081 (http) with context path '/'
2026-04-01 09:02:03 - INFO - com.example.demo.AmazecarenewApplication - Started AmazecarenewApplication in 14.886 seconds (process running for 15.791)
2026-04-01 09:02:11 - INFO - org.apache.catalina.core.ContainerBase.[Tomcat].[localhost].[/] - Initializing Spring DispatcherServlet 'dispatcherServlet'
2026-04-01 09:02:11 - INFO - org.springframework.web.servlet.DispatcherServlet - Initializing Servlet 'dispatcherServlet'
2026-04-01 09:02:11 - INFO - org.springframework.web.servlet.DispatcherServlet - Completed initialization in 116 ms
2026-04-01 09:02:14 - ERROR - com.example.demo.config.JwtRequestFilter - Failed to extract username from JWT: JWT expired 20742327 milliseconds ago at 2026-03-31T21:46:32.000Z. Current time: 2026-04-01T03:32:14.327Z. Allowed clock skew: 0 milliseconds.
2026-04-01 09:02:14 - ERROR - com.example.demo.config.JwtRequestFilter - Failed to extract username from JWT: JWT expired 20742579 milliseconds ago at 2026-03-31T21:46:32.000Z. Current time: 2026-04-01T03:32:14.579Z. Allowed clock skew: 0 milliseconds.
2026-04-01 09:02:31 - WARN - com.example.demo.config.JwtRequestFilter - Authorization header missing or does not start with Bearer
2026-04-01 09:02:36 - INFO - com.example.demo.config.SecurityConfig - Loaded user Deva from DB with roles: [ROLE_DOCTOR]
2026-04-01 09:02:37 - INFO - com.example.demo.config.SecurityConfig - Loaded user Deva from DB with roles: [ROLE_DOCTOR]
2026-04-01 09:02:41 - INFO - com.example.demo.config.JwtRequestFilter - Extracted username from JWT: Deva
2026-04-01 09:02:41 - INFO - com.example.demo.config.SecurityConfig - Loaded user Deva from DB with roles: [ROLE_DOCTOR]
2026-04-01 09:02:41 - INFO - com.example.demo.config.JwtRequestFilter - Loaded user details for Deva: roles=[ROLE_DOCTOR]
2026-04-01 09:02:41 - INFO - com.example.demo.config.JwtRequestFilter - User Deva validated. Setting SecurityContext with authorities: [ROLE_DOCTOR]
2026-04-01 09:02:42 - INFO - com.example.demo.Service.DoctorServiceImpl - Fetching doctor by username: Deva
2026-04-01 09:02:43 - INFO - com.example.demo.config.JwtRequestFilter - Extracted username from JWT: Deva
2026-04-01 09:02:43 - INFO - com.example.demo.config.SecurityConfig - Loaded user Deva from DB with roles: [ROLE_DOCTOR]
2026-04-01 09:02:43 - INFO - com.example.demo.config.JwtRequestFilter - Loaded user details for Deva: roles=[ROLE_DOCTOR]
2026-04-01 09:02:43 - INFO - com.example.demo.config.JwtRequestFilter - Extracted username from JWT: Deva
2026-04-01 09:02:43 - INFO - com.example.demo.config.JwtRequestFilter - Extracted username from JWT: Deva
2026-04-01 09:02:43 - INFO - com.example.demo.config.JwtRequestFilter - User Deva validated. Setting SecurityContext with authorities: [ROLE_DOCTOR]
2026-04-01 09:02:43 - INFO - com.example.demo.config.SecurityConfig - Loaded user Deva from DB with roles: [ROLE_DOCTOR]
2026-04-01 09:02:43 - INFO - com.example.demo.Service.DoctorServiceImpl - Fetching doctor by username: Deva
2026-04-01 09:02:43 - INFO - com.example.demo.config.JwtRequestFilter - Loaded user details for Deva: roles=[ROLE_DOCTOR]
2026-04-01 09:02:43 - INFO - com.example.demo.config.SecurityConfig - Loaded user Deva from DB with roles: [ROLE_DOCTOR]
2026-04-01 09:02:43 - INFO - com.example.demo.config.JwtRequestFilter - Loaded user details for Deva: roles=[ROLE_DOCTOR]
2026-04-01 09:02:43 - INFO - com.example.demo.config.JwtRequestFilter - User Deva validated. Setting SecurityContext with authorities: [ROLE_DOCTOR]
2026-04-01 09:02:43 - INFO - com.example.demo.config.JwtRequestFilter - User Deva validated. Setting SecurityContext with authorities: [ROLE_DOCTOR]
2026-04-01 09:02:43 - INFO - com.example.demo.Service.DoctorServiceImpl - Fetching upcoming appointments for doctor id: 1
2026-04-01 09:02:43 - INFO - com.example.demo.Service.DoctorServiceImpl - Fetching completed appointments for doctor id: 1
2026-04-01 09:02:44 - INFO - com.example.demo.config.JwtRequestFilter - Extracted username from JWT: Deva
2026-04-01 09:02:44 - INFO - com.example.demo.config.JwtRequestFilter - Extracted username from JWT: Deva
2026-04-01 09:02:44 - INFO - com.example.demo.config.SecurityConfig - Loaded user Deva from DB with roles: [ROLE_DOCTOR]
2026-04-01 09:02:44 - INFO - com.example.demo.config.JwtRequestFilter - Loaded user details for Deva: roles=[ROLE_DOCTOR]
2026-04-01 09:02:44 - INFO - com.example.demo.config.JwtRequestFilter - User Deva validated. Setting SecurityContext with authorities: [ROLE_DOCTOR]
2026-04-01 09:02:44 - INFO - com.example.demo.config.SecurityConfig - Loaded user Deva from DB with roles: [ROLE_DOCTOR]
2026-04-01 09:02:44 - INFO - com.example.demo.config.JwtRequestFilter - Loaded user details for Deva: roles=[ROLE_DOCTOR]
2026-04-01 09:02:44 - INFO - com.example.demo.Service.DoctorServiceImpl - Fetching upcoming appointments for doctor id: 1
2026-04-01 09:02:44 - INFO - com.example.demo.config.JwtRequestFilter - User Deva validated. Setting SecurityContext with authorities: [ROLE_DOCTOR]
2026-04-01 09:02:44 - INFO - com.example.demo.Service.DoctorServiceImpl - Fetching completed appointments for doctor id: 1
2026-04-01 09:02:44 - INFO - com.example.demo.config.JwtRequestFilter - Extracted username from JWT: Deva
2026-04-01 09:02:44 - INFO - com.example.demo.config.JwtRequestFilter - Extracted username from JWT: Deva
2026-04-01 09:02:44 - INFO - com.example.demo.config.JwtRequestFilter - Extracted username from JWT: Deva
2026-04-01 09:02:44 - INFO - com.example.demo.config.SecurityConfig - Loaded user Deva from DB with roles: [ROLE_DOCTOR]
2026-04-01 09:02:44 - INFO - com.example.demo.config.SecurityConfig - Loaded user Deva from DB with roles: [ROLE_DOCTOR]
2026-04-01 09:02:44 - INFO - com.example.demo.config.JwtRequestFilter - Loaded user details for Deva: roles=[ROLE_DOCTOR]
2026-04-01 09:02:44 - INFO - com.example.demo.config.SecurityConfig - Loaded user Deva from DB with roles: [ROLE_DOCTOR]
2026-04-01 09:02:44 - INFO - com.example.demo.config.JwtRequestFilter - Loaded user details for Deva: roles=[ROLE_DOCTOR]
2026-04-01 09:02:44 - INFO - com.example.demo.config.JwtRequestFilter - Loaded user details for Deva: roles=[ROLE_DOCTOR]
2026-04-01 09:02:44 - INFO - com.example.demo.config.JwtRequestFilter - User Deva validated. Setting SecurityContext with authorities: [ROLE_DOCTOR]
2026-04-01 09:02:44 - INFO - com.example.demo.config.JwtRequestFilter - User Deva validated. Setting SecurityContext with authorities: [ROLE_DOCTOR]
2026-04-01 09:02:44 - INFO - com.example.demo.config.JwtRequestFilter - User Deva validated. Setting SecurityContext with authorities: [ROLE_DOCTOR]
2026-04-01 09:02:44 - INFO - com.example.demo.Service.MedicalRecordServiceImpl - Fetching medical record for appointment id: 6
2026-04-01 09:02:44 - INFO - com.example.demo.Service.MedicalRecordServiceImpl - Fetching medical record for appointment id: 4
2026-04-01 09:02:44 - INFO - com.example.demo.Service.MedicalRecordServiceImpl - Fetching medical record for appointment id: 5
2026-04-01 09:02:45 - INFO - com.example.demo.config.JwtRequestFilter - Extracted username from JWT: Deva
2026-04-01 09:02:45 - INFO - com.example.demo.config.JwtRequestFilter - Extracted username from JWT: Deva
2026-04-01 09:02:45 - INFO - com.example.demo.config.JwtRequestFilter - Extracted username from JWT: Deva
2026-04-01 09:02:45 - INFO - com.example.demo.config.SecurityConfig - Loaded user Deva from DB with roles: [ROLE_DOCTOR]
2026-04-01 09:02:45 - INFO - com.example.demo.config.JwtRequestFilter - Loaded user details for Deva: roles=[ROLE_DOCTOR]
2026-04-01 09:02:45 - INFO - com.example.demo.config.SecurityConfig - Loaded user Deva from DB with roles: [ROLE_DOCTOR]
2026-04-01 09:02:45 - INFO - com.example.demo.config.SecurityConfig - Loaded user Deva from DB with roles: [ROLE_DOCTOR]
2026-04-01 09:02:45 - INFO - com.example.demo.config.JwtRequestFilter - Loaded user details for Deva: roles=[ROLE_DOCTOR]
2026-04-01 09:02:45 - INFO - com.example.demo.config.JwtRequestFilter - Loaded user details for Deva: roles=[ROLE_DOCTOR]
2026-04-01 09:02:45 - INFO - com.example.demo.config.JwtRequestFilter - User Deva validated. Setting SecurityContext with authorities: [ROLE_DOCTOR]
2026-04-01 09:02:45 - INFO - com.example.demo.config.JwtRequestFilter - User Deva validated. Setting SecurityContext with authorities: [ROLE_DOCTOR]
2026-04-01 09:02:45 - INFO - com.example.demo.config.JwtRequestFilter - User Deva validated. Setting SecurityContext with authorities: [ROLE_DOCTOR]
2026-04-01 09:02:45 - INFO - com.example.demo.Service.MedicalRecordServiceImpl - Fetching medical record for appointment id: 5
2026-04-01 09:02:45 - INFO - com.example.demo.Service.MedicalRecordServiceImpl - Fetching medical record for appointment id: 4
2026-04-01 09:02:45 - INFO - com.example.demo.Service.MedicalRecordServiceImpl - Fetching medical record for appointment id: 6
2026-04-01 11:04:23 - INFO - com.example.demo.config.JwtRequestFilter - Extracted username from JWT: Deva
2026-04-01 11:04:23 - INFO - com.example.demo.config.SecurityConfig - Loaded user Deva from DB with roles: [ROLE_DOCTOR]
2026-04-01 11:04:23 - INFO - com.example.demo.config.JwtRequestFilter - Loaded user details for Deva: roles=[ROLE_DOCTOR]
2026-04-01 11:04:23 - INFO - com.example.demo.config.JwtRequestFilter - User Deva validated. Setting SecurityContext with authorities: [ROLE_DOCTOR]
2026-04-01 11:04:23 - INFO - com.example.demo.Service.DoctorServiceImpl - Fetching doctor by username: Deva
2026-04-01 11:04:24 - INFO - com.example.demo.config.JwtRequestFilter - Extracted username from JWT: Deva
2026-04-01 11:04:24 - INFO - com.example.demo.config.JwtRequestFilter - Extracted username from JWT: Deva
2026-04-01 11:04:24 - INFO - com.example.demo.config.JwtRequestFilter - Extracted username from JWT: Deva
2026-04-01 11:04:24 - INFO - com.example.demo.config.SecurityConfig - Loaded user Deva from DB with roles: [ROLE_DOCTOR]
2026-04-01 11:04:24 - INFO - com.example.demo.config.JwtRequestFilter - Loaded user details for Deva: roles=[ROLE_DOCTOR]
2026-04-01 11:04:24 - INFO - com.example.demo.config.SecurityConfig - Loaded user Deva from DB with roles: [ROLE_DOCTOR]
2026-04-01 11:04:24 - INFO - com.example.demo.config.JwtRequestFilter - User Deva validated. Setting SecurityContext with authorities: [ROLE_DOCTOR]
2026-04-01 11:04:24 - INFO - com.example.demo.config.JwtRequestFilter - Loaded user details for Deva: roles=[ROLE_DOCTOR]
2026-04-01 11:04:24 - INFO - com.example.demo.config.JwtRequestFilter - User Deva validated. Setting SecurityContext with authorities: [ROLE_DOCTOR]
2026-04-01 11:04:24 - INFO - com.example.demo.Service.DoctorServiceImpl - Fetching doctor by username: Deva
2026-04-01 11:04:24 - INFO - com.example.demo.config.SecurityConfig - Loaded user Deva from DB with roles: [ROLE_DOCTOR]
2026-04-01 11:04:24 - INFO - com.example.demo.config.JwtRequestFilter - Loaded user details for Deva: roles=[ROLE_DOCTOR]
2026-04-01 11:04:24 - INFO - com.example.demo.Service.DoctorServiceImpl - Fetching upcoming appointments for doctor id: 1
2026-04-01 11:04:24 - INFO - com.example.demo.config.JwtRequestFilter - User Deva validated. Setting SecurityContext with authorities: [ROLE_DOCTOR]
2026-04-01 11:04:24 - INFO - com.example.demo.Service.DoctorServiceImpl - Fetching completed appointments for doctor id: 1
2026-04-01 11:04:24 - INFO - com.example.demo.config.JwtRequestFilter - Extracted username from JWT: Deva
2026-04-01 11:04:24 - INFO - com.example.demo.config.JwtRequestFilter - Extracted username from JWT: Deva
2026-04-01 11:04:24 - INFO - com.example.demo.config.JwtRequestFilter - Extracted username from JWT: Deva
2026-04-01 11:04:24 - INFO - com.example.demo.config.SecurityConfig - Loaded user Deva from DB with roles: [ROLE_DOCTOR]
2026-04-01 11:04:24 - INFO - com.example.demo.config.JwtRequestFilter - Loaded user details for Deva: roles=[ROLE_DOCTOR]
2026-04-01 11:04:24 - INFO - com.example.demo.config.JwtRequestFilter - Extracted username from JWT: Deva
2026-04-01 11:04:24 - INFO - com.example.demo.config.JwtRequestFilter - Extracted username from JWT: Deva
2026-04-01 11:04:24 - INFO - com.example.demo.config.SecurityConfig - Loaded user Deva from DB with roles: [ROLE_DOCTOR]
2026-04-01 11:04:24 - INFO - com.example.demo.config.SecurityConfig - Loaded user Deva from DB with roles: [ROLE_DOCTOR]
2026-04-01 11:04:24 - INFO - com.example.demo.config.JwtRequestFilter - User Deva validated. Setting SecurityContext with authorities: [ROLE_DOCTOR]
2026-04-01 11:04:24 - INFO - com.example.demo.config.SecurityConfig - Loaded user Deva from DB with roles: [ROLE_DOCTOR]
2026-04-01 11:04:24 - INFO - com.example.demo.config.SecurityConfig - Loaded user Deva from DB with roles: [ROLE_DOCTOR]
2026-04-01 11:04:24 - INFO - com.example.demo.config.JwtRequestFilter - Loaded user details for Deva: roles=[ROLE_DOCTOR]
2026-04-01 11:04:24 - INFO - com.example.demo.config.JwtRequestFilter - Loaded user details for Deva: roles=[ROLE_DOCTOR]
2026-04-01 11:04:24 - INFO - com.example.demo.config.JwtRequestFilter - Loaded user details for Deva: roles=[ROLE_DOCTOR]
2026-04-01 11:04:24 - INFO - com.example.demo.config.JwtRequestFilter - Loaded user details for Deva: roles=[ROLE_DOCTOR]
2026-04-01 11:04:24 - INFO - com.example.demo.Service.DoctorServiceImpl - Fetching upcoming appointments for doctor id: 1
2026-04-01 11:04:24 - INFO - com.example.demo.config.JwtRequestFilter - User Deva validated. Setting SecurityContext with authorities: [ROLE_DOCTOR]
2026-04-01 11:04:24 - INFO - com.example.demo.config.JwtRequestFilter - User Deva validated. Setting SecurityContext with authorities: [ROLE_DOCTOR]
2026-04-01 11:04:24 - INFO - com.example.demo.config.JwtRequestFilter - User Deva validated. Setting SecurityContext with authorities: [ROLE_DOCTOR]
2026-04-01 11:04:24 - INFO - com.example.demo.Service.MedicalRecordServiceImpl - Fetching medical record for appointment id: 5
2026-04-01 11:04:24 - INFO - com.example.demo.config.JwtRequestFilter - User Deva validated. Setting SecurityContext with authorities: [ROLE_DOCTOR]
2026-04-01 11:04:24 - INFO - com.example.demo.Service.MedicalRecordServiceImpl - Fetching medical record for appointment id: 4
2026-04-01 11:04:24 - INFO - com.example.demo.Service.DoctorServiceImpl - Fetching completed appointments for doctor id: 1
2026-04-01 11:04:24 - INFO - com.example.demo.Service.MedicalRecordServiceImpl - Fetching medical record for appointment id: 6
2026-04-01 11:04:24 - INFO - com.example.demo.config.JwtRequestFilter - Extracted username from JWT: Deva
2026-04-01 11:04:24 - INFO - com.example.demo.config.JwtRequestFilter - Extracted username from JWT: Deva
2026-04-01 11:04:24 - INFO - com.example.demo.config.JwtRequestFilter - Extracted username from JWT: Deva
2026-04-01 11:04:24 - INFO - com.example.demo.config.SecurityConfig - Loaded user Deva from DB with roles: [ROLE_DOCTOR]
2026-04-01 11:04:24 - INFO - com.example.demo.config.SecurityConfig - Loaded user Deva from DB with roles: [ROLE_DOCTOR]
2026-04-01 11:04:24 - INFO - com.example.demo.config.JwtRequestFilter - Loaded user details for Deva: roles=[ROLE_DOCTOR]
2026-04-01 11:04:24 - INFO - com.example.demo.config.SecurityConfig - Loaded user Deva from DB with roles: [ROLE_DOCTOR]
2026-04-01 11:04:24 - INFO - com.example.demo.config.JwtRequestFilter - Loaded user details for Deva: roles=[ROLE_DOCTOR]
2026-04-01 11:04:24 - INFO - com.example.demo.config.JwtRequestFilter - Loaded user details for Deva: roles=[ROLE_DOCTOR]
2026-04-01 11:04:24 - INFO - com.example.demo.config.JwtRequestFilter - User Deva validated. Setting SecurityContext with authorities: [ROLE_DOCTOR]
2026-04-01 11:04:24 - INFO - com.example.demo.config.JwtRequestFilter - User Deva validated. Setting SecurityContext with authorities: [ROLE_DOCTOR]
2026-04-01 11:04:25 - INFO - com.example.demo.Service.MedicalRecordServiceImpl - Fetching medical record for appointment id: 6
2026-04-01 11:04:25 - INFO - com.example.demo.config.JwtRequestFilter - User Deva validated. Setting SecurityContext with authorities: [ROLE_DOCTOR]
2026-04-01 11:04:25 - INFO - com.example.demo.Service.MedicalRecordServiceImpl - Fetching medical record for appointment id: 5
2026-04-01 11:04:25 - INFO - com.example.demo.Service.MedicalRecordServiceImpl - Fetching medical record for appointment id: 4
2026-04-01 11:05:04 - WARN - com.example.demo.config.JwtRequestFilter - Authorization header missing or does not start with Bearer
2026-04-01 11:05:04 - WARN - com.example.demo.config.JwtRequestFilter - Authorization header missing or does not start with Bearer
2026-04-01 11:05:04 - WARN - com.example.demo.config.JwtRequestFilter - Authorization header missing or does not start with Bearer
2026-04-01 11:05:04 - WARN - com.example.demo.config.JwtRequestFilter - Authorization header missing or does not start with Bearer
2026-04-01 11:05:05 - WARN - com.example.demo.config.JwtRequestFilter - Authorization header missing or does not start with Bearer
2026-04-01 11:05:05 - WARN - com.example.demo.config.JwtRequestFilter - Authorization header missing or does not start with Bearer
2026-04-01 11:05:16 - INFO - org.springdoc.api.AbstractOpenApiResource - Init duration for springdoc-openapi is: 11039 ms
